<?xml version="1.0" encoding="UTF-8"?>
<!-- Generated by org.testng.reporters.JUnitXMLReporter -->
<testsuite hostname="Hamza-PC" ignored="0" name="Default test" tests="2" failures="0" timestamp="25 Nov 2018 09:01:59 GMT" time="41.966" errors="0">
  <testcase name="previousFunctions" time="18.354" classname="com.lm.qa.testcases.MultipleWindowsTestPage"/>
  <testcase name="windowHandlingAction" time="9.192" classname="com.lm.qa.testcases.MultipleWindowsTestPage"/>
</testsuite> <!-- Default test -->
