<?xml version="1.0" encoding="UTF-8"?>
<!-- Generated by org.testng.reporters.JUnitXMLReporter -->
<testsuite hostname="Hamza-PC" ignored="0" name="Default test" tests="2" failures="0" timestamp="26 Nov 2018 19:17:00 GMT" time="46.332" errors="0">
  <testcase name="previousFunctions" time="19.456" classname="com.lm.qa.testcases.MultipleWindowsTestPage"/>
  <testcase name="windowHandlingAction" time="9.126" classname="com.lm.qa.testcases.MultipleWindowsTestPage"/>
</testsuite> <!-- Default test -->
