<?xml version="1.0" encoding="UTF-8"?>
<!-- Generated by org.testng.reporters.JUnitXMLReporter -->
<testsuite hostname="Hamza-PC" ignored="0" name="WindowHandleTest" tests="2" failures="0" timestamp="01 Dec 2018 09:53:57 GMT" time="46.964" errors="0">
  <testcase name="previousFunctions" time="17.865" classname="com.lm.qa.testcases.MultipleWindowsTestPage"/>
  <testcase name="windowHandlingAction" time="8.895" classname="com.lm.qa.testcases.MultipleWindowsTestPage"/>
</testsuite> <!-- WindowHandleTest -->
